Determining if the pthread_create exist failed with the following output:
Change Dir: /home/wq/cppworkspace/sii/cmake-build-debug/CMakeFiles/CMakeTmp

Run Build Command:"/usr/bin/make" "cmTC_6d7ef/fast"
/usr/bin/make -f CMakeFiles/cmTC_6d7ef.dir/build.make CMakeFiles/cmTC_6d7ef.dir/build
make[1] : on entre dans le répertoire « /home/wq/cppworkspace/sii/cmake-build-debug/CMakeFiles/CMakeTmp »
Building CXX object CMakeFiles/cmTC_6d7ef.dir/CheckSymbolExists.cxx.o
/usr/bin/c++     -o CMakeFiles/cmTC_6d7ef.dir/CheckSymbolExists.cxx.o -c /home/wq/cppworkspace/sii/cmake-build-debug/CMakeFiles/CMakeTmp/CheckSymbolExists.cxx
Linking CXX executable cmTC_6d7ef
/home/wq/Documents/clion-2018.2.5/bin/cmake/linux/bin/cmake -E cmake_link_script CMakeFiles/cmTC_6d7ef.dir/link.txt --verbose=1
/usr/bin/c++       CMakeFiles/cmTC_6d7ef.dir/CheckSymbolExists.cxx.o  -o cmTC_6d7ef 
/usr/bin/ld: CMakeFiles/cmTC_6d7ef.dir/CheckSymbolExists.cxx.o: in function `main':
CheckSymbolExists.cxx:(.text+0x1b): undefined reference to `pthread_create'
collect2: error: ld returned 1 exit status
make[1]: *** [CMakeFiles/cmTC_6d7ef.dir/build.make:87: cmTC_6d7ef] Error 1
make[1] : on quitte le répertoire « /home/wq/cppworkspace/sii/cmake-build-debug/CMakeFiles/CMakeTmp »
make: *** [Makefile:121: cmTC_6d7ef/fast] Error 2

File /home/wq/cppworkspace/sii/cmake-build-debug/CMakeFiles/CMakeTmp/CheckSymbolExists.cxx:
/* */
#include <pthread.h>

int main(int argc, char** argv)
{
  (void)argv;
#ifndef pthread_create
  return ((int*)(&pthread_create))[argc];
#else
  (void)argc;
  return 0;
#endif
}

Determining if the function pthread_create exists in the pthreads failed with the following output:
Change Dir: /home/wq/cppworkspace/sii/cmake-build-debug/CMakeFiles/CMakeTmp

Run Build Command:"/usr/bin/make" "cmTC_35104/fast"
/usr/bin/make -f CMakeFiles/cmTC_35104.dir/build.make CMakeFiles/cmTC_35104.dir/build
make[1] : on entre dans le répertoire « /home/wq/cppworkspace/sii/cmake-build-debug/CMakeFiles/CMakeTmp »
Building CXX object CMakeFiles/cmTC_35104.dir/CheckFunctionExists.cxx.o
/usr/bin/c++    -DCHECK_FUNCTION_EXISTS=pthread_create   -o CMakeFiles/cmTC_35104.dir/CheckFunctionExists.cxx.o -c /home/wq/cppworkspace/sii/cmake-build-debug/CMakeFiles/CheckLibraryExists/CheckFunctionExists.cxx
Linking CXX executable cmTC_35104
/home/wq/Documents/clion-2018.2.5/bin/cmake/linux/bin/cmake -E cmake_link_script CMakeFiles/cmTC_35104.dir/link.txt --verbose=1
/usr/bin/c++   -DCHECK_FUNCTION_EXISTS=pthread_create    CMakeFiles/cmTC_35104.dir/CheckFunctionExists.cxx.o  -o cmTC_35104 -lpthreads 
/usr/bin/ld : ne peut trouver -lpthreads
collect2: error: ld returned 1 exit status
make[1]: *** [CMakeFiles/cmTC_35104.dir/build.make:87: cmTC_35104] Error 1
make[1] : on quitte le répertoire « /home/wq/cppworkspace/sii/cmake-build-debug/CMakeFiles/CMakeTmp »
make: *** [Makefile:121: cmTC_35104/fast] Error 2


